<?xml version="1.0" encoding="utf-8"?><testsuites name="pytest tests"><testsuite name="pytest" errors="0" failures="0" skipped="0" tests="25" time="1.407" timestamp="2025-08-02T03:45:05.879022+01:00" hostname="VincentPereira-LenovoLegion5Pro"><testcase classname="tests.test_api_documentation_validation.TestOpenAPISpecification" name="test_openapi_version_compliance" time="0.125" /><testcase classname="tests.test_api_documentation_validation.TestOpenAPISpecification" name="test_info_section_completeness" time="0.121" /><testcase classname="tests.test_api_documentation_validation.TestOpenAPISpecification" name="test_servers_configuration" time="0.124" /><testcase classname="tests.test_api_documentation_validation.TestOpenAPISpecification" name="test_paths_completeness" time="0.120" /><testcase classname="tests.test_api_documentation_validation.TestOpenAPISpecification" name="test_http_methods_coverage" time="0.126" /><testcase classname="tests.test_api_documentation_validation.TestOpenAPISpecification" name="test_request_response_schemas" time="0.123" /><testcase classname="tests.test_api_documentation_validation.TestOpenAPISpecification" name="test_security_schemes" time="0.126" /><testcase classname="tests.test_api_documentation_validation.TestOpenAPISpecification" name="test_error_responses" time="0.124" /><testcase classname="tests.test_api_documentation_validation.TestOpenAPISpecification" name="test_examples_presence" time="0.124" /><testcase classname="tests.test_api_documentation_validation.TestAPITestingSuiteValidation" name="test_class_structure" time="0.008" /><testcase classname="tests.test_api_documentation_validation.TestAPITestingSuiteValidation" name="test_authentication_methods" time="0.003" /><testcase classname="tests.test_api_documentation_validation.TestAPITestingSuiteValidation" name="test_api_endpoint_methods" time="0.002" /><testcase classname="tests.test_api_documentation_validation.TestAPITestingSuiteValidation" name="test_comprehensive_test_method" time="0.002" /><testcase classname="tests.test_api_documentation_validation.TestAPITestingSuiteValidation" name="test_error_handling" time="0.004" /><testcase classname="tests.test_api_documentation_validation.TestAPITestingSuiteValidation" name="test_websocket_testing_capability" time="0.002" /><testcase classname="tests.test_api_documentation_validation.TestCodeExamplesValidation" name="test_javascript_examples_completeness" time="0.002" /><testcase classname="tests.test_api_documentation_validation.TestCodeExamplesValidation" name="test_java_examples_completeness" time="0.002" /><testcase classname="tests.test_api_documentation_validation.TestCodeExamplesValidation" name="test_code_consistency_across_languages" time="0.005" /><testcase classname="tests.test_api_documentation_validation.TestDocumentationAccessibility" name="test_heading_structure" time="0.003" /><testcase classname="tests.test_api_documentation_validation.TestDocumentationAccessibility" name="test_code_block_formatting" time="0.002" /><testcase classname="tests.test_api_documentation_validation.TestDocumentationAccessibility" name="test_link_formatting" time="0.002" /><testcase classname="tests.test_api_documentation_validation.TestDocumentationAccessibility" name="test_table_formatting" time="0.002" /><testcase classname="tests.test_api_documentation_validation.TestAPIDocumentationSecurity" name="test_no_hardcoded_credentials" time="0.011" /><testcase classname="tests.test_api_documentation_validation.TestAPIDocumentationSecurity" name="test_https_enforcement" time="0.002" /><testcase classname="tests.test_api_documentation_validation.TestAPIDocumentationSecurity" name="test_security_headers_documentation" time="0.002" /></testsuite></testsuites>