<?xml version="1.0" encoding="utf-8"?><testsuites name="pytest tests"><testsuite name="pytest" errors="0" failures="0" skipped="0" tests="22" time="0.448" timestamp="2025-08-02T03:45:02.770214+01:00" hostname="VincentPereira-LenovoLegion5Pro"><testcase classname="tests.test_task_14_documentation_training.TestTask14Documentation" name="test_documentation_files_exist" time="0.004" /><testcase classname="tests.test_task_14_documentation_training.TestTask14Documentation" name="test_interactive_api_documentation_structure" time="0.002" /><testcase classname="tests.test_task_14_documentation_training.TestTask14Documentation" name="test_openapi_specification_validity" time="0.128" /><testcase classname="tests.test_task_14_documentation_training.TestTask14APITestingSuite" name="test_api_testing_suite_syntax" time="0.009" /><testcase classname="tests.test_task_14_documentation_training.TestTask14APITestingSuite" name="test_api_testing_suite_imports" time="0.003" /><testcase classname="tests.test_task_14_documentation_training.TestTask14APITestingSuite" name="test_api_testing_suite_methods" time="0.003" /><testcase classname="tests.test_task_14_documentation_training.TestTask14APITestingSuite" name="test_api_tester_initialization" time="0.004" /><testcase classname="tests.test_task_14_documentation_training.TestTask14JavaScriptExamples" name="test_javascript_examples_syntax" time="0.087" /><testcase classname="tests.test_task_14_documentation_training.TestTask14JavaScriptExamples" name="test_javascript_examples_content" time="0.002" /><testcase classname="tests.test_task_14_documentation_training.TestTask14JavaExamples" name="test_java_examples_syntax" time="0.002" /><testcase classname="tests.test_task_14_documentation_training.TestTask14JavaExamples" name="test_java_examples_content" time="0.002" /><testcase classname="tests.test_task_14_documentation_training.TestTask14TrainingMaterials" name="test_video_tutorial_scripts_structure" time="0.002" /><testcase classname="tests.test_task_14_documentation_training.TestTask14TrainingMaterials" name="test_hands_on_workshops_structure" time="0.002" /><testcase classname="tests.test_task_14_documentation_training.TestTask14CertificationProgram" name="test_certification_program_structure" time="0.002" /><testcase classname="tests.test_task_14_documentation_training.TestTask14CertificationProgram" name="test_certification_assessment_structure" time="0.002" /><testcase classname="tests.test_task_14_documentation_training.TestTask14Integration" name="test_cross_references_consistency" time="0.003" /><testcase classname="tests.test_task_14_documentation_training.TestTask14Integration" name="test_code_examples_consistency" time="0.002" /><testcase classname="tests.test_task_14_documentation_training.TestTask14Integration" name="test_documentation_completeness" time="0.002" /><testcase classname="tests.test_task_14_documentation_training.TestTask14Performance" name="test_documentation_load_time" time="0.003" /><testcase classname="tests.test_task_14_documentation_training.TestTask14Performance" name="test_api_testing_suite_performance" time="0.003" /><testcase classname="tests.test_task_14_documentation_training.TestTask14Accessibility" name="test_markdown_structure" time="0.004" /><testcase classname="tests.test_task_14_documentation_training.TestTask14Accessibility" name="test_code_block_formatting" time="0.002" /></testsuite></testsuites>