<?xml version="1.0" encoding="utf-8"?><testsuites name="pytest tests"><testsuite name="pytest" errors="0" failures="2" skipped="0" tests="22" time="0.882" timestamp="2025-08-01T15:04:14.831281+01:00" hostname="VincentPereira-LenovoLegion5Pro"><testcase classname="tests.test_task_14_documentation_training.TestTask14Documentation" name="test_documentation_files_exist" time="0.004" /><testcase classname="tests.test_task_14_documentation_training.TestTask14Documentation" name="test_interactive_api_documentation_structure" time="0.002" /><testcase classname="tests.test_task_14_documentation_training.TestTask14Documentation" name="test_openapi_specification_validity" time="0.139" /><testcase classname="tests.test_task_14_documentation_training.TestTask14APITestingSuite" name="test_api_testing_suite_syntax" time="0.009" /><testcase classname="tests.test_task_14_documentation_training.TestTask14APITestingSuite" name="test_api_testing_suite_imports" time="0.003" /><testcase classname="tests.test_task_14_documentation_training.TestTask14APITestingSuite" name="test_api_testing_suite_methods" time="0.003" /><testcase classname="tests.test_task_14_documentation_training.TestTask14APITestingSuite" name="test_api_tester_initialization" time="0.005" /><testcase classname="tests.test_task_14_documentation_training.TestTask14JavaScriptExamples" name="test_javascript_examples_syntax" time="0.096" /><testcase classname="tests.test_task_14_documentation_training.TestTask14JavaScriptExamples" name="test_javascript_examples_content" time="0.002" /><testcase classname="tests.test_task_14_documentation_training.TestTask14JavaExamples" name="test_java_examples_syntax" time="0.002" /><testcase classname="tests.test_task_14_documentation_training.TestTask14JavaExamples" name="test_java_examples_content" time="0.002" /><testcase classname="tests.test_task_14_documentation_training.TestTask14TrainingMaterials" name="test_video_tutorial_scripts_structure" time="0.002" /><testcase classname="tests.test_task_14_documentation_training.TestTask14TrainingMaterials" name="test_hands_on_workshops_structure" time="0.002"><failure message="AssertionError: Workshop materials seem too short&#10;assert 41458 &gt; 50000&#10; +  where 41458 = len('# Hands-On Workshops - Algorithmic Trading System\n\n## Workshop Overview\n\nThis document contains comprehensive materials for hands-on workshops designed to provide practical, interactive learning experiences with the Algorithmic Trading System. Each workshop includes detailed lesson plans, exercises, datasets, and assessment materials.\n\n## Workshop Catalog\n\n### Beginner Workshops\n\n1. **Getting Started with Algorithmic Trading** (Half-day)\n2. **Building Your First Strategy** (Full-day)\n3. **Understanding Market Data and Backtesting** (Half-day)\n\n### Intermediate Workshops\n\n4. **Advanced Strategy Development** (Full-day)\n5. **Risk Management and Portfolio Optimization** (Full-day)\n6. **API Integration and Automation** (Full-day)\n\n### Advanced Workshops\n\n7. **Machine Learning for Trading** (2-day intensive)\n8. **Multi-Asset and Cross-Market Strategies** (Full-day)\n9. **Production Trading Systems** (2-day intensive)\n\n---\n\n## Workshop 1: Getting Started with Algorithmic Trading\n\n**Duration:** 4 hours  \n**Capacity:** 20 participants  \n**Prerequisites:** None  \n**Materials:** Laptop, internet access, sandbox account\n\n### Learning Objectives\n\nBy the e...quality\n- Test coverage and quality\n- Deployment instructions\n- User manual\n\n#### Pass/Fail Criteria\n**Pass Requirements:**\n- All lab exercises completed successfully\n- Final project meets minimum technical requirements\n- Code passes security and quality checks\n- Documentation is complete and accurate\n\n**Excellence Criteria:**\n- Innovative implementation approaches\n- Superior error handling and edge case coverage\n- Comprehensive testing suite\n- Production-ready deployment configuration\n\n### Resources and Support\n\n#### Code Repository\n- Complete workshop code examples\n- Additional utility functions\n- Testing frameworks and examples\n- Deployment scripts and configurations\n\n#### Documentation\n- API reference documentation\n- Best practices guide\n- Troubleshooting manual\n- Performance optimization guide\n\n#### Ongoing Support\n- Workshop alumni Slack channel\n- Monthly office hours with instructors\n- Code review sessions\n- Advanced workshop opportunities\n\n---\n\n*These workshop materials are designed to provide comprehensive, hands-on learning experiences that prepare participants for real-world algorithmic trading system development and deployment.*')">tests\test_task_14_documentation_training.py:425: in test_hands_on_workshops_structure
    assert len(content) &gt; 50000, "Workshop materials seem too short"
E   AssertionError: Workshop materials seem too short
E   assert 41458 &gt; 50000
E    +  where 41458 = len('# Hands-On Workshops - Algorithmic Trading System\n\n## Workshop Overview\n\nThis document contains comprehensive materials for hands-on workshops designed to provide practical, interactive learning experiences with the Algorithmic Trading System. Each workshop includes detailed lesson plans, exercises, datasets, and assessment materials.\n\n## Workshop Catalog\n\n### Beginner Workshops\n\n1. **Getting Started with Algorithmic Trading** (Half-day)\n2. **Building Your First Strategy** (Full-day)\n3. **Understanding Market Data and Backtesting** (Half-day)\n\n### Intermediate Workshops\n\n4. **Advanced Strategy Development** (Full-day)\n5. **Risk Management and Portfolio Optimization** (Full-day)\n6. **API Integration and Automation** (Full-day)\n\n### Advanced Workshops\n\n7. **Machine Learning for Trading** (2-day intensive)\n8. **Multi-Asset and Cross-Market Strategies** (Full-day)\n9. **Production Trading Systems** (2-day intensive)\n\n---\n\n## Workshop 1: Getting Started with Algorithmic Trading\n\n**Duration:** 4 hours  \n**Capacity:** 20 participants  \n**Prerequisites:** None  \n**Materials:** Laptop, internet access, sandbox account\n\n### Learning Objectives\n\nBy the e...quality\n- Test coverage and quality\n- Deployment instructions\n- User manual\n\n#### Pass/Fail Criteria\n**Pass Requirements:**\n- All lab exercises completed successfully\n- Final project meets minimum technical requirements\n- Code passes security and quality checks\n- Documentation is complete and accurate\n\n**Excellence Criteria:**\n- Innovative implementation approaches\n- Superior error handling and edge case coverage\n- Comprehensive testing suite\n- Production-ready deployment configuration\n\n### Resources and Support\n\n#### Code Repository\n- Complete workshop code examples\n- Additional utility functions\n- Testing frameworks and examples\n- Deployment scripts and configurations\n\n#### Documentation\n- API reference documentation\n- Best practices guide\n- Troubleshooting manual\n- Performance optimization guide\n\n#### Ongoing Support\n- Workshop alumni Slack channel\n- Monthly office hours with instructors\n- Code review sessions\n- Advanced workshop opportunities\n\n---\n\n*These workshop materials are designed to provide comprehensive, hands-on learning experiences that prepare participants for real-world algorithmic trading system development and deployment.*')</failure></testcase><testcase classname="tests.test_task_14_documentation_training.TestTask14CertificationProgram" name="test_certification_program_structure" time="0.002" /><testcase classname="tests.test_task_14_documentation_training.TestTask14CertificationProgram" name="test_certification_assessment_structure" time="0.002" /><testcase classname="tests.test_task_14_documentation_training.TestTask14Integration" name="test_cross_references_consistency" time="0.003" /><testcase classname="tests.test_task_14_documentation_training.TestTask14Integration" name="test_code_examples_consistency" time="0.002" /><testcase classname="tests.test_task_14_documentation_training.TestTask14Integration" name="test_documentation_completeness" time="0.002" /><testcase classname="tests.test_task_14_documentation_training.TestTask14Performance" name="test_documentation_load_time" time="0.003" /><testcase classname="tests.test_task_14_documentation_training.TestTask14Performance" name="test_api_testing_suite_performance" time="0.003" /><testcase classname="tests.test_task_14_documentation_training.TestTask14Accessibility" name="test_markdown_structure" time="0.002"><failure message="AssertionError: Document interactive_api_documentation.md skips heading levels&#10;assert 2 &lt;= 1">tests\test_task_14_documentation_training.py:672: in test_markdown_structure
    assert level_diff &lt;= 1, f"Document {file_path} skips heading levels"
E   AssertionError: Document interactive_api_documentation.md skips heading levels
E   assert 2 &lt;= 1</failure></testcase><testcase classname="tests.test_task_14_documentation_training.TestTask14Accessibility" name="test_code_block_formatting" time="0.002" /></testsuite></testsuites>