<?xml version="1.0" encoding="utf-8"?><testsuites name="pytest tests"><testsuite name="pytest" errors="0" failures="2" skipped="0" tests="25" time="1.812" timestamp="2025-08-01T15:04:18.699797+01:00" hostname="VincentPereira-LenovoLegion5Pro"><testcase classname="tests.test_api_documentation_validation.TestOpenAPISpecification" name="test_openapi_version_compliance" time="0.132" /><testcase classname="tests.test_api_documentation_validation.TestOpenAPISpecification" name="test_info_section_completeness" time="0.141" /><testcase classname="tests.test_api_documentation_validation.TestOpenAPISpecification" name="test_servers_configuration" time="0.135" /><testcase classname="tests.test_api_documentation_validation.TestOpenAPISpecification" name="test_paths_completeness" time="0.136" /><testcase classname="tests.test_api_documentation_validation.TestOpenAPISpecification" name="test_http_methods_coverage" time="0.134" /><testcase classname="tests.test_api_documentation_validation.TestOpenAPISpecification" name="test_request_response_schemas" time="0.142" /><testcase classname="tests.test_api_documentation_validation.TestOpenAPISpecification" name="test_security_schemes" time="0.130" /><testcase classname="tests.test_api_documentation_validation.TestOpenAPISpecification" name="test_error_responses" time="0.131" /><testcase classname="tests.test_api_documentation_validation.TestOpenAPISpecification" name="test_examples_presence" time="0.128" /><testcase classname="tests.test_api_documentation_validation.TestAPITestingSuiteValidation" name="test_class_structure" time="0.008" /><testcase classname="tests.test_api_documentation_validation.TestAPITestingSuiteValidation" name="test_authentication_methods" time="0.003" /><testcase classname="tests.test_api_documentation_validation.TestAPITestingSuiteValidation" name="test_api_endpoint_methods" time="0.003" /><testcase classname="tests.test_api_documentation_validation.TestAPITestingSuiteValidation" name="test_comprehensive_test_method" time="0.003" /><testcase classname="tests.test_api_documentation_validation.TestAPITestingSuiteValidation" name="test_error_handling" time="0.005" /><testcase classname="tests.test_api_documentation_validation.TestAPITestingSuiteValidation" name="test_websocket_testing_capability" time="0.003" /><testcase classname="tests.test_api_documentation_validation.TestCodeExamplesValidation" name="test_javascript_examples_completeness" time="0.002" /><testcase classname="tests.test_api_documentation_validation.TestCodeExamplesValidation" name="test_java_examples_completeness" time="0.002" /><testcase classname="tests.test_api_documentation_validation.TestCodeExamplesValidation" name="test_code_consistency_across_languages" time="0.002" /><testcase classname="tests.test_api_documentation_validation.TestDocumentationAccessibility" name="test_heading_structure" time="0.002"><failure message="AssertionError: Heading level skip detected at position 10&#10;assert 2 &lt;= 1">tests\test_api_documentation_validation.py:413: in test_heading_structure
    assert level_diff &lt;= 1, f"Heading level skip detected at position {i}"
E   AssertionError: Heading level skip detected at position 10
E   assert 2 &lt;= 1</failure></testcase><testcase classname="tests.test_api_documentation_validation.TestDocumentationAccessibility" name="test_code_block_formatting" time="0.002" /><testcase classname="tests.test_api_documentation_validation.TestDocumentationAccessibility" name="test_link_formatting" time="0.002" /><testcase classname="tests.test_api_documentation_validation.TestDocumentationAccessibility" name="test_table_formatting" time="0.002" /><testcase classname="tests.test_api_documentation_validation.TestAPIDocumentationSecurity" name="test_no_hardcoded_credentials" time="0.003"><failure message="AssertionError: Potential hardcoded credentials in C:\Users\Vincent_Pereira\Projects\Algo_Trading_Projects\Kilo Code\Algorithmic Trading System\docs\interactive_api_documentation.md: ['password&quot;: &quot;your_password', 'password&quot;: password', 'password: password', 'Password: password,']&#10;assert not ['password&quot;: &quot;your_password', 'password&quot;: password', 'password: password', 'Password: password,']">tests\test_api_documentation_validation.py:506: in test_no_hardcoded_credentials
    assert not real_matches, f"Potential hardcoded credentials in {file_path}: {real_matches}"
E   AssertionError: Potential hardcoded credentials in C:\Users\Vincent_Pereira\Projects\Algo_Trading_Projects\Kilo Code\Algorithmic Trading System\docs\interactive_api_documentation.md: ['password": "your_password', 'password": password', 'password: password', 'Password: password,']
E   assert not ['password": "your_password', 'password": password', 'password: password', 'Password: password,']</failure></testcase><testcase classname="tests.test_api_documentation_validation.TestAPIDocumentationSecurity" name="test_https_enforcement" time="0.002" /><testcase classname="tests.test_api_documentation_validation.TestAPIDocumentationSecurity" name="test_security_headers_documentation" time="0.002" /></testsuite></testsuites>